[debug] [2023-07-02T13:34:14.509Z] ----------------------------------------------------------------------
[debug] [2023-07-02T13:34:14.513Z] Command:       C:\Program Files\nodejs\node.exe C:\Users\mrtma\AppData\Roaming\npm\node_modules\firebase-tools\lib\bin\firebase.js init hosting
[debug] [2023-07-02T13:34:14.515Z] CLI Version:   12.4.2
[debug] [2023-07-02T13:34:14.516Z] Platform:      win32
[debug] [2023-07-02T13:34:14.516Z] Node Version:  v18.16.1
[debug] [2023-07-02T13:34:14.518Z] Time:          Sun Jul 02 2023 16:34:14 GMT+0300 (Rytų Europos vasaros laikas)
[debug] [2023-07-02T13:34:14.518Z] ----------------------------------------------------------------------
[debug] 
[debug] [2023-07-02T13:34:14.643Z] > command requires scopes: ["email","openid","https://www.googleapis.com/auth/cloudplatformprojects.readonly","https://www.googleapis.com/auth/firebase","https://www.googleapis.com/auth/cloud-platform"]
[debug] [2023-07-02T13:34:14.644Z] > authorizing via signed-in user (martynascepauskas@gmail.com)
[info] 
     ######## #### ########  ######## ########     ###     ######  ########
     ##        ##  ##     ## ##       ##     ##  ##   ##  ##       ##
     ######    ##  ########  ######   ########  #########  ######  ######
     ##        ##  ##    ##  ##       ##     ## ##     ##       ## ##
     ##       #### ##     ## ######## ########  ##     ##  ######  ########

You're about to initialize a Firebase project in this directory:

  C:\Users\mrtma\source\repos\ToysTrader\toystrader

Before we get started, keep in mind:

  * You are initializing within an existing Firebase project directory

[info] 
=== Project Setup
[info] 
[info] First, let's associate this project directory with a Firebase project.
[info] You can create multiple project aliases by running firebase use --add, 
[info] but for now we'll just set up a default project.
[info] 
[debug] [2023-07-02T13:34:26.011Z] Using project from CLI flag: toystrader-a494f
[debug] [2023-07-02T13:34:26.017Z] >>> [apiv2][query] GET https://firebase.googleapis.com/v1beta1/projects/toystrader-a494f [none]
[debug] [2023-07-02T13:34:26.524Z] <<< [apiv2][status] GET https://firebase.googleapis.com/v1beta1/projects/toystrader-a494f 200
[debug] [2023-07-02T13:34:26.525Z] <<< [apiv2][body] GET https://firebase.googleapis.com/v1beta1/projects/toystrader-a494f {"projectId":"toystrader-a494f","projectNumber":"267868385149","displayName":"ToysTrader","name":"projects/toystrader-a494f","resources":{"hostingSite":"toystrader-a494f","realtimeDatabaseInstance":"toystrader-a494f-default-rtdb"},"state":"ACTIVE","etag":"1_41046bfe-6270-4e87-bbd9-b7e33ab85577"}
[info] i  Using project toystrader-a494f (ToysTrader) 
[info] 
=== Hosting Setup
[info] 
[info] Your public directory is the folder (relative to your project directory) that
[info] will contain Hosting assets to be uploaded with firebase deploy. If you
[info] have a build process for your assets, use your build's output directory.
[info] 
